
> @famgia/omnify-sql@0.0.14 build /Users/f.satoshi/Herd/omnify-ts/packages/omnify-plugin-sql-generator
> tsup

[34mCLI[39m Building entry: src/index.ts, src/plugin.ts
[34mCLI[39m Using tsconfig: tsconfig.json
[34mCLI[39m tsup v8.5.1
[34mCLI[39m Using tsup config: /Users/f.satoshi/Herd/omnify-ts/packages/omnify-plugin-sql-generator/tsup.config.ts
[34mCLI[39m Target: es2022
[34mCLI[39m Cleaning output folder
[34mCJS[39m Build start
[34mESM[39m Build start
[32mESM[39m [1mdist/index.js              [22m[32m894.00 B[39m
[32mESM[39m [1mdist/chunk-OOIPCQ7I.js     [22m[32m35.52 KB[39m
[32mESM[39m [1mdist/plugin.js             [22m[32m1.62 KB[39m
[32mESM[39m [1mdist/index.js.map          [22m[32m71.00 B[39m
[32mESM[39m [1mdist/chunk-OOIPCQ7I.js.map [22m[32m72.05 KB[39m
[32mESM[39m [1mdist/plugin.js.map         [22m[32m4.42 KB[39m
[32mESM[39m ⚡️ Build success in 169ms
[32mCJS[39m [1mdist/index.cjs              [22m[32m1.47 KB[39m
[32mCJS[39m [1mdist/plugin.cjs             [22m[32m2.75 KB[39m
[32mCJS[39m [1mdist/chunk-SGXQQITC.cjs     [22m[32m39.09 KB[39m
[32mCJS[39m [1mdist/index.cjs.map          [22m[32m473.00 B[39m
[32mCJS[39m [1mdist/chunk-SGXQQITC.cjs.map [22m[32m60.12 KB[39m
[32mCJS[39m [1mdist/plugin.cjs.map         [22m[32m5.18 KB[39m
[32mCJS[39m ⚡️ Build success in 183ms
[34mDTS[39m Build start
[32mDTS[39m ⚡️ Build success in 1071ms
[32mDTS[39m [1mdist/index.d.cts          [22m[32m4.77 KB[39m
[32mDTS[39m [1mdist/plugin.d.cts         [22m[32m1.47 KB[39m
[32mDTS[39m [1mdist/types-DkJkHX8d.d.cts [22m[32m3.48 KB[39m
[32mDTS[39m [1mdist/index.d.ts           [22m[32m4.77 KB[39m
[32mDTS[39m [1mdist/plugin.d.ts          [22m[32m1.47 KB[39m
[32mDTS[39m [1mdist/types-DkJkHX8d.d.ts  [22m[32m3.48 KB[39m
